[0.293s] Invoking command in '/home/hjokar/articubot_ws/build/articubot_one': CMAKE_PREFIX_PATH=${CMAKE_PREFIX_PATH}:/home/hjokar/Desktop/robot_ws/install/main_package:/home/hjokar/Desktop/ur5_ws/install/ur5_package:/home/hjokar/second_ros2_ws/install/urdf_tutorial_r2d2:/opt/ros/humble DEBUGINFOD_URLS=https://debuginfod.ubuntu.com /usr/bin/cmake --build /home/hjokar/articubot_ws/build/articubot_one -- -j4 -l4
[0.358s] -- Found ament_cmake: 1.3.5 (/opt/ros/humble/share/ament_cmake/cmake)
[0.802s] -- Found robot_state_publisher: 3.0.2 (/opt/ros/humble/share/robot_state_publisher/cmake)
[1.328s] -- Found rosidl_generator_c: 3.1.5 (/opt/ros/humble/share/rosidl_generator_c/cmake)
[1.380s] -- Found rosidl_adapter: 3.1.5 (/opt/ros/humble/share/rosidl_adapter/cmake)
[1.397s] -- Found rosidl_generator_cpp: 3.1.5 (/opt/ros/humble/share/rosidl_generator_cpp/cmake)
[1.559s] -- Using all available rosidl_typesupport_c: rosidl_typesupport_fastrtps_c;rosidl_typesupport_introspection_c
[1.630s] -- Using all available rosidl_typesupport_cpp: rosidl_typesupport_fastrtps_cpp;rosidl_typesupport_introspection_cpp
[2.309s] -- Found eigen3_cmake_module: 0.1.1 (/opt/ros/humble/share/eigen3_cmake_module/cmake)
[2.330s] -- Found Eigen3: TRUE (found version "3.4.0") 
[2.331s] -- Ensuring Eigen3 include directory is part of orocos-kdl CMake target
[2.872s] -- Found rmw_implementation_cmake: 6.1.1 (/opt/ros/humble/share/rmw_implementation_cmake/cmake)
[2.906s] -- Found rmw_fastrtps_cpp: 6.2.4 (/opt/ros/humble/share/rmw_fastrtps_cpp/cmake)
[3.387s] -- Found OpenSSL: /usr/lib/x86_64-linux-gnu/libcrypto.so (found version "3.0.2")  
[3.497s] -- Found FastRTPS: /opt/ros/humble/include  
[3.602s] -- Using RMW implementation 'rmw_fastrtps_cpp' as default
[3.755s] -- Looking for pthread.h
[4.255s] -- Looking for pthread.h - found
[4.255s] -- Performing Test CMAKE_HAVE_LIBC_PTHREAD
[4.427s] -- Performing Test CMAKE_HAVE_LIBC_PTHREAD - Success
[4.429s] -- Found Threads: TRUE  
[6.168s] -- Found ament_lint_auto: 0.12.8 (/opt/ros/humble/share/ament_lint_auto/cmake)
[6.324s] -- Added test 'copyright' to check source files copyright and LICENSE
[6.327s] -- Added test 'flake8' to check Python code syntax and style conventions
[6.328s] -- Added test 'lint_cmake' to check CMake code style
[6.328s] -- Added test 'pep257' to check Python code against some of the docstring style conventions in PEP 257
[6.379s] -- Added test 'xmllint' to check XML markup files
[6.401s] -- Configuring done
[6.417s] -- Generating done
[6.423s] -- Build files have been written to: /home/hjokar/articubot_ws/build/articubot_one
[6.476s] Invoked command in '/home/hjokar/articubot_ws/build/articubot_one' returned '0': CMAKE_PREFIX_PATH=${CMAKE_PREFIX_PATH}:/home/hjokar/Desktop/robot_ws/install/main_package:/home/hjokar/Desktop/ur5_ws/install/ur5_package:/home/hjokar/second_ros2_ws/install/urdf_tutorial_r2d2:/opt/ros/humble DEBUGINFOD_URLS=https://debuginfod.ubuntu.com /usr/bin/cmake --build /home/hjokar/articubot_ws/build/articubot_one -- -j4 -l4
[6.515s] Invoking command in '/home/hjokar/articubot_ws/build/articubot_one': CMAKE_PREFIX_PATH=${CMAKE_PREFIX_PATH}:/home/hjokar/Desktop/robot_ws/install/main_package:/home/hjokar/Desktop/ur5_ws/install/ur5_package:/home/hjokar/second_ros2_ws/install/urdf_tutorial_r2d2:/opt/ros/humble DEBUGINFOD_URLS=https://debuginfod.ubuntu.com /usr/bin/cmake --install /home/hjokar/articubot_ws/build/articubot_one
[6.525s] -- Install configuration: ""
[6.525s] -- Up-to-date: /home/hjokar/articubot_ws/install/articubot_one/share/articubot_one/config
[6.526s] -- Up-to-date: /home/hjokar/articubot_ws/install/articubot_one/share/articubot_one/config/view_bot.rviz
[6.526s] -- Up-to-date: /home/hjokar/articubot_ws/install/articubot_one/share/articubot_one/config/empty.yaml
[6.526s] -- Up-to-date: /home/hjokar/articubot_ws/install/articubot_one/share/articubot_one/description
[6.526s] -- Up-to-date: /home/hjokar/articubot_ws/install/articubot_one/share/articubot_one/description/robot_core.xacro
[6.526s] -- Up-to-date: /home/hjokar/articubot_ws/install/articubot_one/share/articubot_one/description/robot.urdf.xacro
[6.527s] -- Up-to-date: /home/hjokar/articubot_ws/install/articubot_one/share/articubot_one/description/inertial_macros.xacro
[6.527s] -- Up-to-date: /home/hjokar/articubot_ws/install/articubot_one/share/articubot_one/launch
[6.527s] -- Up-to-date: /home/hjokar/articubot_ws/install/articubot_one/share/articubot_one/launch/rsp.launch.py
[6.527s] -- Up-to-date: /home/hjokar/articubot_ws/install/articubot_one/share/articubot_one/worlds
[6.528s] -- Up-to-date: /home/hjokar/articubot_ws/install/articubot_one/share/articubot_one/worlds/empty.world
[6.528s] -- Installing: /home/hjokar/articubot_ws/install/articubot_one/share/ament_index/resource_index/package_run_dependencies/articubot_one
[6.528s] -- Installing: /home/hjokar/articubot_ws/install/articubot_one/share/ament_index/resource_index/parent_prefix_path/articubot_one
[6.528s] -- Up-to-date: /home/hjokar/articubot_ws/install/articubot_one/share/articubot_one/environment/ament_prefix_path.sh
[6.529s] -- Installing: /home/hjokar/articubot_ws/install/articubot_one/share/articubot_one/environment/ament_prefix_path.dsv
[6.529s] -- Up-to-date: /home/hjokar/articubot_ws/install/articubot_one/share/articubot_one/environment/path.sh
[6.529s] -- Installing: /home/hjokar/articubot_ws/install/articubot_one/share/articubot_one/environment/path.dsv
[6.529s] -- Up-to-date: /home/hjokar/articubot_ws/install/articubot_one/share/articubot_one/local_setup.bash
[6.529s] -- Up-to-date: /home/hjokar/articubot_ws/install/articubot_one/share/articubot_one/local_setup.sh
[6.529s] -- Up-to-date: /home/hjokar/articubot_ws/install/articubot_one/share/articubot_one/local_setup.zsh
[6.530s] -- Installing: /home/hjokar/articubot_ws/install/articubot_one/share/articubot_one/local_setup.dsv
[6.530s] -- Installing: /home/hjokar/articubot_ws/install/articubot_one/share/articubot_one/package.dsv
[6.530s] -- Up-to-date: /home/hjokar/articubot_ws/install/articubot_one/share/ament_index/resource_index/packages/articubot_one
[6.530s] -- Up-to-date: /home/hjokar/articubot_ws/install/articubot_one/share/articubot_one/cmake/articubot_oneConfig.cmake
[6.530s] -- Up-to-date: /home/hjokar/articubot_ws/install/articubot_one/share/articubot_one/cmake/articubot_oneConfig-version.cmake
[6.531s] -- Installing: /home/hjokar/articubot_ws/install/articubot_one/share/articubot_one/package.xml
[6.532s] Invoked command in '/home/hjokar/articubot_ws/build/articubot_one' returned '0': CMAKE_PREFIX_PATH=${CMAKE_PREFIX_PATH}:/home/hjokar/Desktop/robot_ws/install/main_package:/home/hjokar/Desktop/ur5_ws/install/ur5_package:/home/hjokar/second_ros2_ws/install/urdf_tutorial_r2d2:/opt/ros/humble DEBUGINFOD_URLS=https://debuginfod.ubuntu.com /usr/bin/cmake --install /home/hjokar/articubot_ws/build/articubot_one
